Bringing machine 'vm1' up with 'virtualbox' provider...
Bringing machine 'vm2' up with 'virtualbox' provider...
==> vm1: Importing base box 'generic-x32/debian11'...
[KProgress: 20%[KProgress: 90%[K==> vm1: Matching MAC address for NAT networking...
==> vm1: Checking if box 'generic-x32/debian11' version '4.2.6' is up to date...
==> vm1: Setting the name of the VM: Vagrant_vm1_1671406689604_66062
==> vm1: Clearing any previously set network interfaces...
==> vm1: Preparing network interfaces based on configuration...
    vm1: Adapter 1: nat
    vm1: Adapter 2: hostonly
==> vm1: Forwarding ports...
    vm1: 22 (guest) => 2222 (host) (adapter 1)
==> vm1: Running 'pre-boot' VM customizations...
==> vm1: Booting VM...
==> vm1: Waiting for machine to boot. This may take a few minutes...
    vm1: SSH address: 127.0.0.1:2222
    vm1: SSH username: vagrant
    vm1: SSH auth method: private key
    vm1: 
    vm1: Vagrant insecure key detected. Vagrant will automatically replace
    vm1: this with a newly generated keypair for better security.
    vm1: 
    vm1: Inserting generated public key within guest...
    vm1: Removing insecure key from the guest if it's present...
    vm1: Key inserted! Disconnecting and reconnecting using new SSH key...
==> vm1: Machine booted and ready!
==> vm1: Checking for guest additions in VM...
    vm1: The guest additions on this VM do not match the installed version of
    vm1: VirtualBox! In most cases this is fine, but in rare cases it can
    vm1: prevent things such as shared folders from working properly. If you see
    vm1: shared folder errors, please make sure the guest additions within the
    vm1: virtual machine match the version of VirtualBox you have installed on
    vm1: your host and reload your VM.
    vm1: 
    vm1: Guest Additions Version: 6.0.0 r127566
    vm1: VirtualBox Version: 6.1
==> vm1: Setting hostname...
==> vm1: Configuring and enabling network interfaces...
==> vm2: Importing base box 'generic-x32/debian11'...
[KProgress: 20%[KProgress: 50%[K==> vm2: Matching MAC address for NAT networking...
==> vm2: Checking if box 'generic-x32/debian11' version '4.2.6' is up to date...
==> vm2: Setting the name of the VM: Vagrant_vm2_1671406780930_66435
==> vm2: Fixed port collision for 22 => 2222. Now on port 2200.
==> vm2: Clearing any previously set network interfaces...
==> vm2: Preparing network interfaces based on configuration...
    vm2: Adapter 1: nat
    vm2: Adapter 2: hostonly
==> vm2: Forwarding ports...
    vm2: 22 (guest) => 2200 (host) (adapter 1)
==> vm2: Running 'pre-boot' VM customizations...
==> vm2: Booting VM...
==> vm2: Waiting for machine to boot. This may take a few minutes...
    vm2: SSH address: 127.0.0.1:2200
    vm2: SSH username: vagrant
    vm2: SSH auth method: private key
    vm2: 
    vm2: Vagrant insecure key detected. Vagrant will automatically replace
    vm2: this with a newly generated keypair for better security.
    vm2: 
    vm2: Inserting generated public key within guest...
    vm2: Removing insecure key from the guest if it's present...
    vm2: Key inserted! Disconnecting and reconnecting using new SSH key...
==> vm2: Machine booted and ready!
==> vm2: Checking for guest additions in VM...
    vm2: The guest additions on this VM do not match the installed version of
    vm2: VirtualBox! In most cases this is fine, but in rare cases it can
    vm2: prevent things such as shared folders from working properly. If you see
    vm2: shared folder errors, please make sure the guest additions within the
    vm2: virtual machine match the version of VirtualBox you have installed on
    vm2: your host and reload your VM.
    vm2: 
    vm2: Guest Additions Version: 6.0.0 r127566
    vm2: VirtualBox Version: 6.1
==> vm2: Setting hostname...
==> vm2: Configuring and enabling network interfaces...
